This file contains any messages produced by compilers while
running configure, to aid debugging if configure makes a mistake.

It was created by intheory configure 0.1, which was
generated by GNU Autoconf 2.69.  Invocation command line was

  $ ./configure 

## --------- ##
## Platform. ##
## --------- ##

hostname = Johns-MacBook-Pro.local
uname -m = x86_64
uname -r = 11.4.1
uname -s = Darwin
uname -v = Darwin Kernel Version 11.4.1: Wed May  2 19:34:43 PDT 2012; root:xnu-1699.28.13~1/RELEASE_X86_64

/usr/bin/uname -p = i386
/bin/uname -X     = unknown

/bin/arch              = unknown
/usr/bin/arch -k       = unknown
/usr/convex/getsysinfo = unknown
/usr/bin/hostinfo      = Mach kernel version:
	 Darwin Kernel Version 11.4.1: Wed May  2 19:34:43 PDT 2012; root:xnu-1699.28.13~1/RELEASE_X86_64
Kernel configured for up to 8 processors.
4 processors are physically available.
8 processors are logically available.
Processor type: i486 (Intel 80486)
Processors active: 0 1 2 3 4 5 6 7
Primary memory available: 16.00 gigabytes
Default processor set: 82 tasks, 455 threads, 8 processors
Load average: 0.22, Mach factor: 7.77
/bin/machine           = unknown
/usr/bin/oslevel       = unknown
/bin/universe          = unknown

PATH: /usr/bin
PATH: /bin
PATH: /usr/sbin
PATH: /sbin
PATH: /usr/local/bin
PATH: /usr/X11/bin


## ----------- ##
## Core tests. ##
## ----------- ##

configure:2067: checking for a BSD-compatible install
configure:2135: result: /usr/bin/install -c
configure:2146: checking whether build environment is sane
configure:2201: result: yes
configure:2352: checking for a thread-safe mkdir -p
configure:2391: result: ./install-sh -c -d
configure:2398: checking for gawk
configure:2428: result: no
configure:2398: checking for mawk
configure:2428: result: no
configure:2398: checking for nawk
configure:2428: result: no
configure:2398: checking for awk
configure:2414: found /usr/bin/awk
configure:2425: result: awk
configure:2436: checking whether make sets $(MAKE)
configure:2458: result: yes
configure:2592: checking for gcc
configure:2608: found /usr/bin/gcc
configure:2619: result: gcc
configure:2848: checking for C compiler version
configure:2857: gcc --version >&5
i686-apple-darwin11-llvm-gcc-4.2 (GCC) 4.2.1 (Based on Apple Inc. build 5658) (LLVM build 2336.9.00)
Copyright (C) 2007 Free Software Foundation, Inc.
This is free software; see the source for copying conditions.  There is NO
warranty; not even for MERCHANTABILITY or FITNESS FOR A PARTICULAR PURPOSE.

configure:2868: $? = 0
configure:2857: gcc -v >&5
Using built-in specs.
Target: i686-apple-darwin11
Configured with: /private/var/tmp/llvmgcc42/llvmgcc42-2336.9~22/src/configure --disable-checking --enable-werror --prefix=/Applications/Xcode.app/Contents/Developer/usr/llvm-gcc-4.2 --mandir=/share/man --enable-languages=c,objc,c++,obj-c++ --program-prefix=llvm- --program-transform-name=/^[cg][^.-]*$/s/$/-4.2/ --with-slibdir=/usr/lib --build=i686-apple-darwin11 --enable-llvm=/private/var/tmp/llvmgcc42/llvmgcc42-2336.9~22/dst-llvmCore/Developer/usr/local --program-prefix=i686-apple-darwin11- --host=x86_64-apple-darwin11 --target=i686-apple-darwin11 --with-gxx-include-dir=/usr/include/c++/4.2.1
Thread model: posix
gcc version 4.2.1 (Based on Apple Inc. build 5658) (LLVM build 2336.9.00)
configure:2868: $? = 0
configure:2857: gcc -V >&5
llvm-gcc-4.2: argument to `-V' is missing
configure:2868: $? = 1
configure:2857: gcc -qversion >&5
i686-apple-darwin11-llvm-gcc-4.2: no input files
configure:2868: $? = 1
configure:2888: checking whether the C compiler works
configure:2910: gcc    conftest.c  >&5
configure:2914: $? = 0
configure:2962: result: yes
configure:2965: checking for C compiler default output file name
configure:2967: result: a.out
configure:2973: checking for suffix of executables
configure:2980: gcc -o conftest    conftest.c  >&5
configure:2984: $? = 0
configure:3006: result: 
configure:3028: checking whether we are cross compiling
configure:3036: gcc -o conftest    conftest.c  >&5
configure:3040: $? = 0
configure:3047: ./conftest
configure:3051: $? = 0
configure:3066: result: no
configure:3071: checking for suffix of object files
configure:3093: gcc -c   conftest.c >&5
configure:3097: $? = 0
configure:3118: result: o
configure:3122: checking whether we are using the GNU C compiler
configure:3141: gcc -c   conftest.c >&5
configure:3141: $? = 0
configure:3150: result: yes
configure:3159: checking whether gcc accepts -g
configure:3179: gcc -c -g  conftest.c >&5
configure:3179: $? = 0
configure:3220: result: yes
configure:3237: checking for gcc option to accept ISO C89
configure:3300: gcc  -c -g -O2  conftest.c >&5
configure:3300: $? = 0
configure:3313: result: none needed
configure:3344: checking for style of include used by make
configure:3372: result: GNU
configure:3398: checking dependency style of gcc
configure:3509: result: gcc3
configure:3534: checking how to run the C preprocessor
configure:3565: gcc -E  conftest.c
configure:3565: $? = 0
configure:3579: gcc -E  conftest.c
conftest.c:11:28: error: ac_nonexistent.h: No such file or directory
configure:3579: $? = 1
configure: failed program was:
| /* confdefs.h */
| #define PACKAGE_NAME "intheory"
| #define PACKAGE_TARNAME "intheory"
| #define PACKAGE_VERSION "0.1"
| #define PACKAGE_STRING "intheory 0.1"
| #define PACKAGE_BUGREPORT "john.v.kew.ii@gmail.com"
| #define PACKAGE_URL ""
| #define PACKAGE "intheory"
| #define VERSION "0.1"
| /* end confdefs.h.  */
| #include <ac_nonexistent.h>
configure:3604: result: gcc -E
configure:3624: gcc -E  conftest.c
configure:3624: $? = 0
configure:3638: gcc -E  conftest.c
conftest.c:11:28: error: ac_nonexistent.h: No such file or directory
configure:3638: $? = 1
configure: failed program was:
| /* confdefs.h */
| #define PACKAGE_NAME "intheory"
| #define PACKAGE_TARNAME "intheory"
| #define PACKAGE_VERSION "0.1"
| #define PACKAGE_STRING "intheory 0.1"
| #define PACKAGE_BUGREPORT "john.v.kew.ii@gmail.com"
| #define PACKAGE_URL ""
| #define PACKAGE "intheory"
| #define VERSION "0.1"
| /* end confdefs.h.  */
| #include <ac_nonexistent.h>
configure:3667: checking for grep that handles long lines and -e
configure:3725: result: /usr/bin/grep
configure:3730: checking for egrep
configure:3792: result: /usr/bin/grep -E
configure:3797: checking for ANSI C header files
configure:3817: gcc -c -g -O2  conftest.c >&5
configure:3817: $? = 0
configure:3890: gcc -o conftest -g -O2   conftest.c  >&5
configure:3890: $? = 0
configure:3890: ./conftest
configure:3890: $? = 0
configure:3901: result: yes
configure:3914: checking for sys/types.h
configure:3914: gcc -c -g -O2  conftest.c >&5
configure:3914: $? = 0
configure:3914: result: yes
configure:3914: checking for sys/stat.h
configure:3914: gcc -c -g -O2  conftest.c >&5
configure:3914: $? = 0
configure:3914: result: yes
configure:3914: checking for stdlib.h
configure:3914: gcc -c -g -O2  conftest.c >&5
configure:3914: $? = 0
configure:3914: result: yes
configure:3914: checking for string.h
configure:3914: gcc -c -g -O2  conftest.c >&5
configure:3914: $? = 0
configure:3914: result: yes
configure:3914: checking for memory.h
configure:3914: gcc -c -g -O2  conftest.c >&5
configure:3914: $? = 0
configure:3914: result: yes
configure:3914: checking for strings.h
configure:3914: gcc -c -g -O2  conftest.c >&5
configure:3914: $? = 0
configure:3914: result: yes
configure:3914: checking for inttypes.h
configure:3914: gcc -c -g -O2  conftest.c >&5
configure:3914: $? = 0
configure:3914: result: yes
configure:3914: checking for stdint.h
configure:3914: gcc -c -g -O2  conftest.c >&5
configure:3914: $? = 0
configure:3914: result: yes
configure:3914: checking for unistd.h
configure:3914: gcc -c -g -O2  conftest.c >&5
configure:3914: $? = 0
configure:3914: result: yes
configure:3928: checking for stdlib.h
configure:3928: result: yes
configure:3944: checking for stdlib.h
configure:3944: result: yes
configure:3954: checking for GNU libc compatible malloc
configure:3978: gcc -o conftest -g -O2   conftest.c  >&5
configure:3978: $? = 0
configure:3978: ./conftest
configure:3978: $? = 0
configure:3988: result: yes
configure:4155: checking that generated files are newer than configure
configure:4161: result: done
configure:4184: creating ./config.status

## ---------------------- ##
## Running config.status. ##
## ---------------------- ##

This file was extended by intheory config.status 0.1, which was
generated by GNU Autoconf 2.69.  Invocation command line was

  CONFIG_FILES    = 
  CONFIG_HEADERS  = 
  CONFIG_LINKS    = 
  CONFIG_COMMANDS = 
  $ ./config.status 

on Johns-MacBook-Pro.local

config.status:693: executing depfiles commands
configure:5194: checking that generated files are newer than configure
configure:5200: result: done
configure:5227: creating ./config.status

## ---------------------- ##
## Running config.status. ##
## ---------------------- ##

This file was extended by intheory config.status 0.1, which was
generated by GNU Autoconf 2.69.  Invocation command line was

  CONFIG_FILES    = 
  CONFIG_HEADERS  = 
  CONFIG_LINKS    = 
  CONFIG_COMMANDS = 
  $ ./config.status 

on Johns-MacBook-Pro.local

config.status:758: error: cannot find input file: `Makefile.in'

## ---------------- ##
## Cache variables. ##
## ---------------- ##

ac_cv_c_compiler_gnu=yes
ac_cv_env_CC_set=
ac_cv_env_CC_value=
ac_cv_env_CFLAGS_set=
ac_cv_env_CFLAGS_value=
ac_cv_env_CPPFLAGS_set=
ac_cv_env_CPPFLAGS_value=
ac_cv_env_CPP_set=
ac_cv_env_CPP_value=
ac_cv_env_LDFLAGS_set=
ac_cv_env_LDFLAGS_value=
ac_cv_env_LIBS_set=
ac_cv_env_LIBS_value=
ac_cv_env_build_alias_set=
ac_cv_env_build_alias_value=
ac_cv_env_host_alias_set=
ac_cv_env_host_alias_value=
ac_cv_env_target_alias_set=
ac_cv_env_target_alias_value=
ac_cv_func_malloc_0_nonnull=yes
ac_cv_header_inttypes_h=yes
ac_cv_header_memory_h=yes
ac_cv_header_stdc=yes
ac_cv_header_stdint_h=yes
ac_cv_header_stdlib_h=yes
ac_cv_header_string_h=yes
ac_cv_header_strings_h=yes
ac_cv_header_sys_stat_h=yes
ac_cv_header_sys_types_h=yes
ac_cv_header_unistd_h=yes
ac_cv_objext=o
ac_cv_path_EGREP='/usr/bin/grep -E'
ac_cv_path_GREP=/usr/bin/grep
ac_cv_path_install='/usr/bin/install -c'
ac_cv_prog_AWK=awk
ac_cv_prog_CPP='gcc -E'
ac_cv_prog_ac_ct_CC=gcc
ac_cv_prog_cc_c89=
ac_cv_prog_cc_g=yes
ac_cv_prog_make_make_set=yes
am_cv_CC_dependencies_compiler_type=gcc3

## ----------------- ##
## Output variables. ##
## ----------------- ##

ACLOCAL='${SHELL} /Users/johnkew/Development/intheory/missing --run aclocal-1.12'
AMDEPBACKSLASH='\'
AMDEP_FALSE='#'
AMDEP_TRUE=''
AMTAR='$${TAR-tar}'
AUTOCONF='${SHELL} /Users/johnkew/Development/intheory/missing --run autoconf'
AUTOHEADER='${SHELL} /Users/johnkew/Development/intheory/missing --run autoheader'
AUTOMAKE='${SHELL} /Users/johnkew/Development/intheory/missing --run automake-1.12'
AWK='awk'
CC='gcc'
CCDEPMODE='depmode=gcc3'
CFLAGS='-g -O2'
CPP='gcc -E'
CPPFLAGS=''
CYGPATH_W='echo'
DEFS='-DPACKAGE_NAME=\"intheory\" -DPACKAGE_TARNAME=\"intheory\" -DPACKAGE_VERSION=\"0.1\" -DPACKAGE_STRING=\"intheory\ 0.1\" -DPACKAGE_BUGREPORT=\"john.v.kew.ii@gmail.com\" -DPACKAGE_URL=\"\" -DPACKAGE=\"intheory\" -DVERSION=\"0.1\" -DSTDC_HEADERS=1 -DHAVE_SYS_TYPES_H=1 -DHAVE_SYS_STAT_H=1 -DHAVE_STDLIB_H=1 -DHAVE_STRING_H=1 -DHAVE_MEMORY_H=1 -DHAVE_STRINGS_H=1 -DHAVE_INTTYPES_H=1 -DHAVE_STDINT_H=1 -DHAVE_UNISTD_H=1 -DHAVE_STDLIB_H=1 -DHAVE_STDLIB_H=1 -DHAVE_MALLOC=1'
DEPDIR='.deps'
ECHO_C='\c'
ECHO_N=''
ECHO_T=''
EGREP='/usr/bin/grep -E'
EXEEXT=''
GREP='/usr/bin/grep'
INSTALL_DATA='${INSTALL} -m 644'
INSTALL_PROGRAM='${INSTALL}'
INSTALL_SCRIPT='${INSTALL}'
INSTALL_STRIP_PROGRAM='$(install_sh) -c -s'
LDFLAGS=''
LIBOBJS=''
LIBS=''
LTLIBOBJS=''
MAKEINFO='${SHELL} /Users/johnkew/Development/intheory/missing --run makeinfo'
MKDIR_P='./install-sh -c -d'
OBJEXT='o'
PACKAGE='intheory'
PACKAGE_BUGREPORT='john.v.kew.ii@gmail.com'
PACKAGE_NAME='intheory'
PACKAGE_STRING='intheory 0.1'
PACKAGE_TARNAME='intheory'
PACKAGE_URL=''
PACKAGE_VERSION='0.1'
PATH_SEPARATOR=':'
SET_MAKE=''
SHELL='/bin/sh'
STRIP=''
VERSION='0.1'
ac_ct_CC='gcc'
am__EXEEXT_FALSE=''
am__EXEEXT_TRUE='#'
am__fastdepCC_FALSE='#'
am__fastdepCC_TRUE=''
am__include='include'
am__isrc=''
am__leading_dot='.'
am__nodep='_no'
am__quote=''
am__tar='$${TAR-tar} chof - "$$tardir"'
am__untar='$${TAR-tar} xf -'
bindir='${exec_prefix}/bin'
build_alias=''
datadir='${datarootdir}'
datarootdir='${prefix}/share'
docdir='${datarootdir}/doc/${PACKAGE_TARNAME}'
dvidir='${docdir}'
exec_prefix='${prefix}'
host_alias=''
htmldir='${docdir}'
includedir='${prefix}/include'
infodir='${datarootdir}/info'
install_sh='${SHELL} /Users/johnkew/Development/intheory/install-sh'
libdir='${exec_prefix}/lib'
libexecdir='${exec_prefix}/libexec'
localedir='${datarootdir}/locale'
localstatedir='${prefix}/var'
mandir='${datarootdir}/man'
oldincludedir='/usr/include'
pdfdir='${docdir}'
prefix='/usr/local'
program_transform_name='s,x,x,'
psdir='${docdir}'
sbindir='${exec_prefix}/sbin'
sharedstatedir='${prefix}/com'
sysconfdir='${prefix}/etc'
target_alias=''

## ----------- ##
## confdefs.h. ##
## ----------- ##

/* confdefs.h */
#define PACKAGE_NAME "intheory"
#define PACKAGE_TARNAME "intheory"
#define PACKAGE_VERSION "0.1"
#define PACKAGE_STRING "intheory 0.1"
#define PACKAGE_BUGREPORT "john.v.kew.ii@gmail.com"
#define PACKAGE_URL ""
#define PACKAGE "intheory"
#define VERSION "0.1"
#define STDC_HEADERS 1
#define HAVE_SYS_TYPES_H 1
#define HAVE_SYS_STAT_H 1
#define HAVE_STDLIB_H 1
#define HAVE_STRING_H 1
#define HAVE_MEMORY_H 1
#define HAVE_STRINGS_H 1
#define HAVE_INTTYPES_H 1
#define HAVE_STDINT_H 1
#define HAVE_UNISTD_H 1
#define HAVE_STDLIB_H 1
#define HAVE_STDLIB_H 1
#define HAVE_MALLOC 1

configure: exit 1
